<?xml version="1.0" encoding="UTF-8"?>
<!-- Generated by org.testng.reporters.JUnitReportReporter -->
<testsuite hostname="DESKTOP-2I78M7Q" failures="0" tests="5" name="tests.VerifyAPI" time="5.606" errors="0" timestamp="2023-02-23T11:52:47 GMT" skipped="0">
  <testcase classname="tests.VerifyAPI" name="TestThree" time="3.384"/>
  <system-out/>
  <testcase classname="tests.VerifyAPI" name="TestOne" time="0.323"/>
  <system-out/>
  <testcase classname="tests.VerifyAPI" name="TestTwo" time="0.417"/>
  <system-out/>
  <testcase classname="tests.VerifyAPI" name="TestFour" time="0.291"/>
  <system-out/>
  <testcase classname="tests.VerifyAPI" name="TestFive" time="1.191"/>
  <system-out/>
</testsuite> <!-- tests.VerifyAPI -->
